<?xml version="1.0" encoding="UTF-8"?>
<!-- Generated by org.testng.reporters.JUnitReportReporter -->
<testsuite skipped="0" hostname="DESKTOP-ANFB91A" name="tests.SearchProductAutoComplete" tests="1" failures="0" timestamp="18 Dec 2019 15:57:24 GMT" time="6.603" errors="0">
  <testcase name="userCanSearchWithAutoSuggest" time="6.603" classname="tests.SearchProductAutoComplete"/>
</testsuite> <!-- tests.SearchProductAutoComplete -->
