<?xml version="1.0" encoding="UTF-8"?>
<!-- Generated by org.testng.reporters.JUnitReportReporter -->
<testsuite skipped="0" hostname="DESKTOP-ANFB91A" name="tests.UserRegistrationTestWithJavaFaker" tests="1" failures="0" timestamp="26 Dec 2019 15:05:58 GMT" time="13.813" errors="0">
  <testcase name="userCanRegisterSucessfull" time="13.813" classname="tests.UserRegistrationTestWithJavaFaker"/>
</testsuite> <!-- tests.UserRegistrationTestWithJavaFaker -->
