<?xml version="1.0" encoding="UTF-8"?>
<!-- Generated by org.testng.reporters.JUnitReportReporter -->
<testsuite skipped="0" hostname="DESKTOP-ANFB91A" name="tests.SearchProductAutoComplete" tests="1" failures="0" timestamp="02 Jan 2020 19:31:06 GMT" time="6.303" errors="0">
  <testcase name="userCanSearchWithAutoSuggest" time="6.303" classname="tests.SearchProductAutoComplete"/>
</testsuite> <!-- tests.SearchProductAutoComplete -->
