<?xml version="1.0" encoding="UTF-8"?>
<!-- Generated by org.testng.reporters.JUnitReportReporter -->
<testsuite skipped="0" hostname="DESKTOP-ANFB91A" name="tests.ProductHoverMenuTest" tests="1" failures="0" timestamp="19 Dec 2019 10:35:39 GMT" time="1.879" errors="0">
  <testcase name="userCanSelectSubCategoryFromMainMenu" time="1.879" classname="tests.ProductHoverMenuTest"/>
</testsuite> <!-- tests.ProductHoverMenuTest -->
