<?xml version="1.0" encoding="UTF-8"?>
<!-- Generated by org.testng.reporters.JUnitReportReporter -->
<testsuite skipped="0" hostname="DESKTOP-ANFB91A" name="tests.AddProductReviewTest" tests="4" failures="0" timestamp="19 Dec 2019 10:07:59 GMT" time="16.792" errors="0">
  <testcase name="UserCanRegisterSuccssfully" time="7.770" classname="tests.AddProductReviewTest"/>
  <testcase name="UserCanSearchWithAutoSuggest" time="4.730" classname="tests.AddProductReviewTest"/>
  <testcase name="RegisteredUserCanReviewProduct" time="4.216" classname="tests.AddProductReviewTest"/>
  <testcase name="RegisteredUserCanLogout" time="0.076" classname="tests.AddProductReviewTest"/>
</testsuite> <!-- tests.AddProductReviewTest -->
