<?xml version="1.0" encoding="UTF-8"?>
<!-- Generated by org.testng.reporters.JUnitReportReporter -->
<testsuite skipped="0" hostname="DESKTOP-ANFB91A" name="tests.AddProductToWishListTest" tests="1" failures="0" timestamp="19 Dec 2019 18:28:22 GMT" time="21.709" errors="0">
  <testcase name="UserCanAddProductToWishlist" time="21.709" classname="tests.AddProductToWishListTest"/>
</testsuite> <!-- tests.AddProductToWishListTest -->
