<?xml version="1.0" encoding="UTF-8"?>
<!-- Generated by org.testng.reporters.JUnitReportReporter -->
<testsuite skipped="0" hostname="DESKTOP-ANFB91A" name="tests.UserRegistrationTestWithDDTAndJSON" tests="1" failures="0" timestamp="26 Dec 2019 09:19:02 GMT" time="20.192" errors="0">
  <testcase name="userCanRegisterSucessfull" time="20.192" classname="tests.UserRegistrationTestWithDDTAndJSON"/>
</testsuite> <!-- tests.UserRegistrationTestWithDDTAndJSON -->
