<?xml version="1.0" encoding="UTF-8"?>
<!-- Generated by org.testng.reporters.JUnitReportReporter -->
<testsuite skipped="0" hostname="DESKTOP-ANFB91A" name="tests.ChangeCurrencyTest" tests="2" failures="0" timestamp="19 Dec 2019 09:31:46 GMT" time="8.127" errors="0">
  <testcase name="userCanChangeCurrency" time="2.649" classname="tests.ChangeCurrencyTest"/>
  <testcase name="userCanSearchWithAutoSuggest" time="5.478" classname="tests.ChangeCurrencyTest"/>
</testsuite> <!-- tests.ChangeCurrencyTest -->
