<?xml version="1.0" encoding="UTF-8"?>
<!-- Generated by org.testng.reporters.JUnitReportReporter -->
<testsuite skipped="0" hostname="DESKTOP-ANFB91A" name="tests.GuestCheckoutProductFromCartTest" tests="4" failures="0" timestamp="22 Dec 2019 08:49:21 GMT" time="31.356" errors="0">
  <testcase name="UserCanSearchForProductsWithAutoSuggest" time="6.197" classname="tests.GuestCheckoutProductFromCartTest"/>
  <testcase name="UserCanAddProductToShoppingCart" time="4.523" classname="tests.GuestCheckoutProductFromCartTest"/>
  <testcase name="UserCanCheckoutProduct" time="12.473" classname="tests.GuestCheckoutProductFromCartTest"/>
  <testcase name="UserCanViewOrderDetails" time="8.163" classname="tests.GuestCheckoutProductFromCartTest"/>
</testsuite> <!-- tests.GuestCheckoutProductFromCartTest -->
