<?xml version="1.0" encoding="UTF-8"?>
<!-- Generated by org.testng.reporters.JUnitReportReporter -->
<testsuite skipped="0" hostname="DESKTOP-ANFB91A" name="tests.RegisteredUserCheckoutProductTest" tests="5" failures="0" timestamp="21 Dec 2019 20:36:28 GMT" time="32.370" errors="0">
  <testcase name="UserCanRegisterSuccssfully" time="7.229" classname="tests.RegisteredUserCheckoutProductTest"/>
  <testcase name="UserCanSearchWithAutoSuggest" time="5.086" classname="tests.RegisteredUserCheckoutProductTest"/>
  <testcase name="UserCanAddProductToShoppingCart" time="3.323" classname="tests.RegisteredUserCheckoutProductTest"/>
  <testcase name="UserCanCheckoutProduct" time="11.655" classname="tests.RegisteredUserCheckoutProductTest"/>
  <testcase name="RegisteredUserCanLogout" time="5.077" classname="tests.RegisteredUserCheckoutProductTest"/>
</testsuite> <!-- tests.RegisteredUserCheckoutProductTest -->
