<?xml version="1.0" encoding="UTF-8"?>
<!-- Generated by org.testng.reporters.JUnitReportReporter -->
<testsuite skipped="0" hostname="DESKTOP-ANFB91A" name="tests.AddProductToShoppingCartTest" tests="3" failures="0" timestamp="21 Dec 2019 15:07:44 GMT" time="9.401" errors="0">
  <testcase name="UserCanSearchForProductsWithAutoSuggest" time="5.707" classname="tests.AddProductToShoppingCartTest"/>
  <testcase name="UserCanAddProductToShoppingCart" time="2.161" classname="tests.AddProductToShoppingCartTest"/>
  <testcase name="UserCanRemoveProductFromCart" time="1.533" classname="tests.AddProductToShoppingCartTest"/>
</testsuite> <!-- tests.AddProductToShoppingCartTest -->
