<?xml version="1.0" encoding="UTF-8"?>
<!-- Generated by org.testng.reporters.JUnitReportReporter -->
<testsuite skipped="0" hostname="DESKTOP-ANFB91A" name="tests.SearchProductTest" tests="1" failures="0" timestamp="18 Dec 2019 09:30:15 GMT" time="5.356" errors="0">
  <testcase name="userCanSearchForProducts" time="5.356" classname="tests.SearchProductTest"/>
</testsuite> <!-- tests.SearchProductTest -->
