<?xml version="1.0" encoding="UTF-8"?>
<!-- Generated by org.testng.reporters.JUnitReportReporter -->
<testsuite hostname="DESKTOP-K0S2S7F" name="tests.SearchProductAutoComplete" tests="1" failures="0" timestamp="16 Mar 2020 14:43:07 GMT" time="5.179" errors="0">
  <testcase name="userCanSearchWithAutoSuggest" time="5.179" classname="tests.SearchProductAutoComplete"/>
</testsuite> <!-- tests.SearchProductAutoComplete -->
