<?xml version="1.0" encoding="UTF-8"?>
<!-- Generated by org.testng.reporters.JUnitReportReporter -->
<testsuite skipped="0" hostname="DESKTOP-ANFB91A" name="tests.SearchProductAutoComplete" tests="1" failures="0" timestamp="23 Dec 2019 09:17:06 GMT" time="5.204" errors="0">
  <testcase name="userCanSearchWithAutoSuggest" time="5.204" classname="tests.SearchProductAutoComplete"/>
</testsuite> <!-- tests.SearchProductAutoComplete -->
